{"level":"info","time":"2026-07-13T20:56:11Z","message":"Thank you for trying Cloudflare Tunnel. Doing so, without a Cloudflare account, is a quick way to experiment and try it out. However, be aware that these account-less Tunnels have no uptime guarantee, are subject to the Cloudflare Online Services Terms of Use (https://www.cloudflare.com/website-terms/), and Cloudflare reserves the right to investigate your use of Tunnels for violations of such terms. If you intend to use Tunnels in production you should use a pre-created named tunnel by following: https://developers.cloudflare.com/cloudflare-one/connections/connect-apps"}
{"level":"info","time":"2026-07-13T20:56:11Z","message":"Requesting new quick Tunnel on trycloudflare.com..."}
{"level":"info","time":"2026-07-13T20:56:17Z","message":"+--------------------------------------------------------------------------------------------+"}
{"level":"info","time":"2026-07-13T20:56:17Z","message":"|  Your quick Tunnel has been created! Visit it at (it may take some time to be reachable):  |"}
{"level":"info","time":"2026-07-13T20:56:17Z","message":"|  https://pace-apps-compatibility-gibraltar.trycloudflare.com                               |"}
{"level":"info","time":"2026-07-13T20:56:17Z","message":"+--------------------------------------------------------------------------------------------+"}
{"level":"info","time":"2026-07-13T20:56:17Z","message":"Cannot determine default configuration path. No file [config.yml config.yaml] in [~/.cloudflared ~/.cloudflare-warp ~/cloudflare-warp]"}
{"level":"info","time":"2026-07-13T20:56:17Z","message":"Version 2026.7.1 (Checksum ccb0756de288d3c2c076d19764ca53e0849a10f2dd9c23f8656ac42bdeb45001)"}
{"level":"info","time":"2026-07-13T20:56:17Z","message":"GOOS: windows, GOVersion: go1.26.4, GoArch: amd64"}
{"level":"info","time":"2026-07-13T20:56:17Z","message":"Settings: map[ha-connections:1 logfile:C:\\Users\\jaime\\_factory_audit\\builds\\board\\tunnel.log no-autoupdate:true protocol:quic url:http://localhost:8105]"}
{"level":"info","time":"2026-07-13T20:56:17Z","message":"cloudflared will not automatically update on Windows systems."}
{"level":"info","time":"2026-07-13T20:56:17Z","message":"Generated Connector ID: 7ad545a9-0a76-4227-940e-3a0a228cb065"}
{"level":"info","time":"2026-07-13T20:56:17Z","message":"Initial protocol quic"}
{"level":"info","time":"2026-07-13T20:56:17Z","message":"ICMP proxy will use 192.168.110.249 as source for IPv4"}
{"level":"info","time":"2026-07-13T20:56:17Z","message":"ICMP proxy will use fe80::bae0:850f:c3a8:8434 in zone Wi-Fi as source for IPv6"}
{"level":"info","time":"2026-07-13T20:56:17Z","message":"cloudflared does not support loading the system root certificate pool on Windows. Please use --origin-ca-pool <PATH> to specify the path to the certificate pool"}
{"level":"info","time":"2026-07-13T20:56:17Z","message":"ICMP proxy will use 192.168.110.249 as source for IPv4"}
{"level":"info","event":0,"ip":"198.41.192.7","connIndex":0,"time":"2026-07-13T20:56:17Z","message":"Tunnel connection curve preferences: [X25519MLKEM768 CurveID(65074) CurveP256]"}
{"level":"info","time":"2026-07-13T20:56:17Z","message":"ICMP proxy will use fe80::bae0:850f:c3a8:8434 in zone Wi-Fi as source for IPv6"}
{"level":"info","time":"2026-07-13T20:56:17Z","message":"Starting metrics server on 127.0.0.1:20241/metrics"}
{"level":"info","time":"2026-07-13T20:56:17Z","message":"+-------------------------------------------------------------------------------------+"}
{"level":"info","time":"2026-07-13T20:56:17Z","message":"|                               CONNECTIVITY PRE-CHECKS                               |"}
{"level":"info","time":"2026-07-13T20:56:17Z","message":"+-------------------------------------------------------------------------------------+"}
{"level":"info","time":"2026-07-13T20:56:17Z","message":"|  COMPONENT         TARGET                     STATUS  DETAILS                       |"}
{"level":"info","time":"2026-07-13T20:56:17Z","message":"|  DNS Resolution    region1.v2.argotunnel.com  PASS    DNS Resolved successfully     |"}
{"level":"info","time":"2026-07-13T20:56:17Z","message":"|  DNS Resolution    region2.v2.argotunnel.com  PASS    DNS Resolved successfully     |"}
{"level":"info","time":"2026-07-13T20:56:17Z","message":"|  UDP Connectivity  region1.v2.argotunnel.com  PASS    QUIC connection successful    |"}
{"level":"info","time":"2026-07-13T20:56:17Z","message":"|  UDP Connectivity  region2.v2.argotunnel.com  PASS    QUIC connection successful    |"}
{"level":"info","time":"2026-07-13T20:56:17Z","message":"|  TCP Connectivity  region1.v2.argotunnel.com  PASS    HTTP/2 connection successful  |"}
{"level":"info","time":"2026-07-13T20:56:17Z","message":"|  TCP Connectivity  region2.v2.argotunnel.com  PASS    HTTP/2 connection successful  |"}
{"level":"info","time":"2026-07-13T20:56:17Z","message":"|  Cloudflare API    api.cloudflare.com:443     PASS    API is reachable              |"}
{"level":"info","time":"2026-07-13T20:56:17Z","message":"|                                                                                     |"}
{"level":"info","time":"2026-07-13T20:56:17Z","message":"|  SUMMARY: Environment is healthy. cloudflared will use 'quic' as primary protocol.  |"}
{"level":"info","time":"2026-07-13T20:56:17Z","message":"+-------------------------------------------------------------------------------------+"}
{"level":"info","run_id":"abf0cf6f-03a2-439b-80a1-5e0c375e3869","component":"DNS Resolution","target":"region1.v2.argotunnel.com","status":"pass","details":"DNS Resolved successfully","time":"2026-07-13T20:56:17Z","message":"precheck"}
{"level":"info","run_id":"abf0cf6f-03a2-439b-80a1-5e0c375e3869","component":"DNS Resolution","target":"region2.v2.argotunnel.com","status":"pass","details":"DNS Resolved successfully","time":"2026-07-13T20:56:17Z","message":"precheck"}
{"level":"info","run_id":"abf0cf6f-03a2-439b-80a1-5e0c375e3869","component":"UDP Connectivity","target":"region1.v2.argotunnel.com","status":"pass","details":"QUIC connection successful","time":"2026-07-13T20:56:17Z","message":"precheck"}
{"level":"info","run_id":"abf0cf6f-03a2-439b-80a1-5e0c375e3869","component":"UDP Connectivity","target":"region2.v2.argotunnel.com","status":"pass","details":"QUIC connection successful","time":"2026-07-13T20:56:17Z","message":"precheck"}
{"level":"info","run_id":"abf0cf6f-03a2-439b-80a1-5e0c375e3869","component":"TCP Connectivity","target":"region1.v2.argotunnel.com","status":"pass","details":"HTTP/2 connection successful","time":"2026-07-13T20:56:17Z","message":"precheck"}
{"level":"info","run_id":"abf0cf6f-03a2-439b-80a1-5e0c375e3869","component":"TCP Connectivity","target":"region2.v2.argotunnel.com","status":"pass","details":"HTTP/2 connection successful","time":"2026-07-13T20:56:17Z","message":"precheck"}
{"level":"info","run_id":"abf0cf6f-03a2-439b-80a1-5e0c375e3869","component":"Cloudflare API","target":"api.cloudflare.com:443","status":"pass","details":"API is reachable","time":"2026-07-13T20:56:17Z","message":"precheck"}
{"level":"info","run_id":"abf0cf6f-03a2-439b-80a1-5e0c375e3869","hard_fail":false,"suggested_protocol":"quic","time":"2026-07-13T20:56:17Z","message":"precheck complete"}
{"level":"info","event":0,"connection":"ae4d5fad-5c9a-4f4e-90f4-8885f175aaf1","connIndex":0,"location":"jnb06","ip":"198.41.192.7","protocol":"quic","time":"2026-07-13T20:56:18Z","message":"Registered tunnel connection"}
